<?xml version="1.0" encoding="UTF-8"?>
<testsuite xmlns:xsi="http://www.w3.org/2001/XMLSchema-instance" xsi:noNamespaceSchemaLocation="https://maven.apache.org/surefire/maven-surefire-plugin/xsd/surefire-test-report-3.0.xsd" version="3.0" name="Catan.CatanTest" time="0.003" tests="3" errors="0" skipped="0" failures="0">
  <properties>
[...]
</properties>
  <testcase name="test02JugadorPierdeLaMitadDeLasCartas" classname="Catan.CatanTest" time="0.001">
    <system-out><![CDATA[java.Mazo desarrollo generado 25
Madera tiene: 8
Madera tiene: 1
Madera tiene: 1
Madera tiene: 1
Madera tiene: 1
]]></system-out>
  </testcase>
  <testcase name="test01LosJugadoresRecibenRecursosIniciales" classname="Catan.CatanTest" time="0.001">
    <system-out><![CDATA[java.Mazo desarrollo generado 25
Mezclados 18
0 model.Tablero.Vertice.Vertice@d176a31
1 model.Tablero.Vertice.Vertice@3a91d146
2 model.Tablero.Vertice.Vertice@4784013e
3 model.Tablero.Vertice.Vertice@6f952d6c
4 model.Tablero.Vertice.Vertice@5965844d
5 model.Tablero.Vertice.Vertice@6d4a65c6
6 model.Tablero.Vertice.Vertice@aa004a0
7 model.Tablero.Vertice.Vertice@4c98a6d5
8 model.Tablero.Vertice.Vertice@392a04e7
9 model.Tablero.Vertice.Vertice@7f02251
10 model.Tablero.Vertice.Vertice@dffa30b
11 model.Tablero.Vertice.Vertice@4d8126f
12 model.Tablero.Vertice.Vertice@6d3c232f
13 model.Tablero.Vertice.Vertice@6b587673
14 model.Tablero.Vertice.Vertice@1bcf67e8
15 model.Tablero.Vertice.Vertice@5f404594
16 model.Tablero.Vertice.Vertice@53692008
17 model.Tablero.Vertice.Vertice@7b2a3ff8
18 model.Tablero.Vertice.Vertice@1bbae752
19 model.Tablero.Vertice.Vertice@460b6d54
20 model.Tablero.Vertice.Vertice@5cf87cfd
21 model.Tablero.Vertice.Vertice@76075d65
22 model.Tablero.Vertice.Vertice@3a4ba480
23 model.Tablero.Vertice.Vertice@27b71f50
24 model.Tablero.Vertice.Vertice@383790cf
25 model.Tablero.Vertice.Vertice@74971ed9
26 model.Tablero.Vertice.Vertice@131fcb6f
27 model.Tablero.Vertice.Vertice@ccd1bc3
28 model.Tablero.Vertice.Vertice@878537d
29 model.Tablero.Vertice.Vertice@4455f57d
30 model.Tablero.Vertice.Vertice@29fc1a2b
31 model.Tablero.Vertice.Vertice@4d0b0fd4
32 model.Tablero.Vertice.Vertice@7a24eb3
33 model.Tablero.Vertice.Vertice@6c37bd27
34 model.Tablero.Vertice.Vertice@25d3cfc8
35 model.Tablero.Vertice.Vertice@30331109
36 model.Tablero.Vertice.Vertice@2571066a
37 model.Tablero.Vertice.Vertice@74fe5966
38 model.Tablero.Vertice.Vertice@4fe875be
39 model.Tablero.Vertice.Vertice@677b8e13
40 model.Tablero.Vertice.Vertice@4a9486c0
41 model.Tablero.Vertice.Vertice@4c27d39d
42 model.Tablero.Vertice.Vertice@40ee0a22
43 model.Tablero.Vertice.Vertice@7bde1f3a
44 model.Tablero.Vertice.Vertice@15923407
45 model.Tablero.Vertice.Vertice@67dba613
46 model.Tablero.Vertice.Vertice@57540fd0
47 model.Tablero.Vertice.Vertice@5cf8edcf
48 model.Tablero.Vertice.Vertice@58cec85b
49 model.Tablero.Vertice.Vertice@629f066f
50 model.Tablero.Vertice.Vertice@1542af63
51 model.Tablero.Vertice.Vertice@ecfbe91
52 model.Tablero.Vertice.Vertice@20ed3303
53 model.Tablero.Vertice.Vertice@3adbe50f
0
1
2
3
4
5
6
7
8
9
10
11
12
13
14
15
16
17
]]></system-out>
  </testcase>
  <testcase name="test03JugadorCompraUnPoblado" classname="Catan.CatanTest" time="0.001">
    <system-out><![CDATA[java.Mazo desarrollo generado 25
Mezclados 18
0 model.Tablero.Vertice.Vertice@562c877a
1 model.Tablero.Vertice.Vertice@67001148
2 model.Tablero.Vertice.Vertice@989da1
3 model.Tablero.Vertice.Vertice@31cb96e1
4 model.Tablero.Vertice.Vertice@3eed0f5
5 model.Tablero.Vertice.Vertice@64030b91
6 model.Tablero.Vertice.Vertice@2032e725
7 model.Tablero.Vertice.Vertice@4d23015c
8 model.Tablero.Vertice.Vertice@383f1975
9 model.Tablero.Vertice.Vertice@441cc260
10 model.Tablero.Vertice.Vertice@73a00e09
11 model.Tablero.Vertice.Vertice@26dcd8c0
12 model.Tablero.Vertice.Vertice@66e889df
13 model.Tablero.Vertice.Vertice@444548a0
14 model.Tablero.Vertice.Vertice@3766c667
15 model.Tablero.Vertice.Vertice@773c0293
16 model.Tablero.Vertice.Vertice@55b8dbda
17 model.Tablero.Vertice.Vertice@3b569985
18 model.Tablero.Vertice.Vertice@3a022576
19 model.Tablero.Vertice.Vertice@2dbd803f
20 model.Tablero.Vertice.Vertice@3e48e859
21 model.Tablero.Vertice.Vertice@31ddd4a4
22 model.Tablero.Vertice.Vertice@1a5f7e7c
23 model.Tablero.Vertice.Vertice@5b22b970
24 model.Tablero.Vertice.Vertice@22d1886d
25 model.Tablero.Vertice.Vertice@7df60067
26 model.Tablero.Vertice.Vertice@1cbb3d3b
27 model.Tablero.Vertice.Vertice@529cfee5
28 model.Tablero.Vertice.Vertice@7ca0863b
29 model.Tablero.Vertice.Vertice@319854f0
30 model.Tablero.Vertice.Vertice@748fe51d
31 model.Tablero.Vertice.Vertice@415156bf
32 model.Tablero.Vertice.Vertice@393881f0
33 model.Tablero.Vertice.Vertice@4af46df3
34 model.Tablero.Vertice.Vertice@4158debd
35 model.Tablero.Vertice.Vertice@af78c87
36 model.Tablero.Vertice.Vertice@773dab28
37 model.Tablero.Vertice.Vertice@1ecfcbc9
38 model.Tablero.Vertice.Vertice@1965539b
39 model.Tablero.Vertice.Vertice@2fc07784
40 model.Tablero.Vertice.Vertice@353efdbf
41 model.Tablero.Vertice.Vertice@55cff952
42 model.Tablero.Vertice.Vertice@660591fb
43 model.Tablero.Vertice.Vertice@4a55a6e8
44 model.Tablero.Vertice.Vertice@8c46918
45 model.Tablero.Vertice.Vertice@226b143b
46 model.Tablero.Vertice.Vertice@682bd3c4
47 model.Tablero.Vertice.Vertice@f2e4acf
48 model.Tablero.Vertice.Vertice@24097e9b
49 model.Tablero.Vertice.Vertice@5eb97ced
50 model.Tablero.Vertice.Vertice@68ba310d
51 model.Tablero.Vertice.Vertice@153f66e7
52 model.Tablero.Vertice.Vertice@7aad3f7d
53 model.Tablero.Vertice.Vertice@6f667ad1
0
1
2
3
4
5
6
7
8
9
10
11
12
13
14
15
16
17
Madera tiene: 1
]]></system-out>
  </testcase>
</testsuite>