<?xml version="1.0" encoding="UTF-8"?>
<testsuite xmlns:xsi="http://www.w3.org/2001/XMLSchema-instance" xsi:noNamespaceSchemaLocation="https://maven.apache.org/surefire/maven-surefire-plugin/xsd/surefire-test-report-3.0.xsd" version="3.0" name="Tablero.EstructuraTest" time="0.004" tests="5" errors="0" skipped="0" failures="0">
  <properties>
[...]
</properties>
  <testcase name="test04LasCiudadesAumentanElPuntaje" classname="Tablero.EstructuraTest" time="0.001">
    <system-out><![CDATA[java.Mazo desarrollo generado 25
]]></system-out>
  </testcase>
  <testcase name="test05NoPuedoPonerUnaCiudadSobreUnaCiudad" classname="Tablero.EstructuraTest" time="0.001">
    <system-out><![CDATA[java.Mazo desarrollo generado 25
]]></system-out>
  </testcase>
  <testcase name="test02LasCiudadesDan2Recursos" classname="Tablero.EstructuraTest" time="0.0">
    <system-out><![CDATA[java.Mazo desarrollo generado 25
]]></system-out>
  </testcase>
  <testcase name="test01LosPobladosDan1Recurso" classname="Tablero.EstructuraTest" time="0.001">
    <system-out><![CDATA[java.Mazo desarrollo generado 25
]]></system-out>
  </testcase>
  <testcase name="test03LosPobladosAumentanElPuntaje" classname="Tablero.EstructuraTest" time="0.0">
    <system-out><![CDATA[java.Mazo desarrollo generado 25
]]></system-out>
  </testcase>
</testsuite>