<?xml version="1.0" encoding="UTF-8"?>
<testsuite xmlns:xsi="http://www.w3.org/2001/XMLSchema-instance" xsi:noNamespaceSchemaLocation="https://maven.apache.org/surefire/maven-surefire-plugin/xsd/surefire-test-report-3.0.xsd" version="3.0" name="Catan.CatanTest" time="0.535" tests="3" errors="0" skipped="0" failures="0">
  <properties>
[...]
</properties>
  <testcase name="test02JugadorPierdeLaMitadDeLasCartas" classname="Catan.CatanTest" time="0.266">
    <system-out><![CDATA[java.Mazo desarrollo generado 25
Madera tiene: 8
Madera tiene: 1
Madera tiene: 1
Madera tiene: 1
Madera tiene: 1
]]></system-out>
  </testcase>
  <testcase name="test01LosJugadoresRecibenRecursosIniciales" classname="Catan.CatanTest" time="0.198">
    <system-out><![CDATA[java.Mazo desarrollo generado 25
Mezclados 18
0 model.Tablero.Vertice.Vertice@7d20d0b
1 model.Tablero.Vertice.Vertice@69453e37
2 model.Tablero.Vertice.Vertice@6f4a47c7
3 model.Tablero.Vertice.Vertice@ae13544
4 model.Tablero.Vertice.Vertice@3d34d211
5 model.Tablero.Vertice.Vertice@7dc0f706
6 model.Tablero.Vertice.Vertice@4009e306
7 model.Tablero.Vertice.Vertice@43c1b556
8 model.Tablero.Vertice.Vertice@587e5365
9 model.Tablero.Vertice.Vertice@22fcf7ab
10 model.Tablero.Vertice.Vertice@2de23121
11 model.Tablero.Vertice.Vertice@63475ace
12 model.Tablero.Vertice.Vertice@4988d8b8
13 model.Tablero.Vertice.Vertice@c0c2f8d
14 model.Tablero.Vertice.Vertice@305b7c14
15 model.Tablero.Vertice.Vertice@6913c1fb
16 model.Tablero.Vertice.Vertice@66d18979
17 model.Tablero.Vertice.Vertice@bccb269
18 model.Tablero.Vertice.Vertice@609cd4d8
19 model.Tablero.Vertice.Vertice@17f7cd29
20 model.Tablero.Vertice.Vertice@7d8704ef
21 model.Tablero.Vertice.Vertice@13b6aecc
22 model.Tablero.Vertice.Vertice@158a8276
23 model.Tablero.Vertice.Vertice@3c3d9b6b
24 model.Tablero.Vertice.Vertice@79d8407f
25 model.Tablero.Vertice.Vertice@5fbe4146
26 model.Tablero.Vertice.Vertice@1e66f1f5
27 model.Tablero.Vertice.Vertice@4e50c791
28 model.Tablero.Vertice.Vertice@7530ad9c
29 model.Tablero.Vertice.Vertice@58a9760d
30 model.Tablero.Vertice.Vertice@71e9ddb4
31 model.Tablero.Vertice.Vertice@394df057
32 model.Tablero.Vertice.Vertice@4961f6af
33 model.Tablero.Vertice.Vertice@5aebe890
34 model.Tablero.Vertice.Vertice@65d09a04
35 model.Tablero.Vertice.Vertice@33c911a1
36 model.Tablero.Vertice.Vertice@75db5df9
37 model.Tablero.Vertice.Vertice@707194ba
38 model.Tablero.Vertice.Vertice@1190200a
39 model.Tablero.Vertice.Vertice@6a2f6f80
40 model.Tablero.Vertice.Vertice@45b4c3a9
41 model.Tablero.Vertice.Vertice@399c4be1
42 model.Tablero.Vertice.Vertice@291caca8
43 model.Tablero.Vertice.Vertice@385e9564
44 model.Tablero.Vertice.Vertice@5b94b04d
45 model.Tablero.Vertice.Vertice@8c3b9d
46 model.Tablero.Vertice.Vertice@4c39bec8
47 model.Tablero.Vertice.Vertice@f79e
48 model.Tablero.Vertice.Vertice@7ee8290b
49 model.Tablero.Vertice.Vertice@1f59a598
50 model.Tablero.Vertice.Vertice@1e178745
51 model.Tablero.Vertice.Vertice@192c3f1e
52 model.Tablero.Vertice.Vertice@26b3fd41
53 model.Tablero.Vertice.Vertice@7494f96a
0
1
2
3
4
5
6
7
8
9
10
11
12
13
14
15
16
17
]]></system-out>
  </testcase>
  <testcase name="test03JugadorCompraUnPoblado" classname="Catan.CatanTest" time="0.009">
    <system-out><![CDATA[java.Mazo desarrollo generado 25
Mezclados 18
0 model.Tablero.Vertice.Vertice@6aaceffd
1 model.Tablero.Vertice.Vertice@c86b9e3
2 model.Tablero.Vertice.Vertice@10aa41f2
3 model.Tablero.Vertice.Vertice@3af9c5b7
4 model.Tablero.Vertice.Vertice@37271612
5 model.Tablero.Vertice.Vertice@ed7f8b4
6 model.Tablero.Vertice.Vertice@4c309d4d
7 model.Tablero.Vertice.Vertice@38102d01
8 model.Tablero.Vertice.Vertice@37883b97
9 model.Tablero.Vertice.Vertice@6ab778a
10 model.Tablero.Vertice.Vertice@4e3958e7
11 model.Tablero.Vertice.Vertice@77f80c04
12 model.Tablero.Vertice.Vertice@1dac5ef
13 model.Tablero.Vertice.Vertice@5c90e579
14 model.Tablero.Vertice.Vertice@58ea606c
15 model.Tablero.Vertice.Vertice@6f45df59
16 model.Tablero.Vertice.Vertice@38e79ae3
17 model.Tablero.Vertice.Vertice@63070bab
18 model.Tablero.Vertice.Vertice@68e5eea7
19 model.Tablero.Vertice.Vertice@291b4bf5
20 model.Tablero.Vertice.Vertice@2d2ffcb7
21 model.Tablero.Vertice.Vertice@762ef0ea
22 model.Tablero.Vertice.Vertice@31f9b85e
23 model.Tablero.Vertice.Vertice@424e1977
24 model.Tablero.Vertice.Vertice@10d68fcd
25 model.Tablero.Vertice.Vertice@117e949d
26 model.Tablero.Vertice.Vertice@6db9f5a4
27 model.Tablero.Vertice.Vertice@5f8edcc5
28 model.Tablero.Vertice.Vertice@7b02881e
29 model.Tablero.Vertice.Vertice@1ebd319f
30 model.Tablero.Vertice.Vertice@3c0be339
31 model.Tablero.Vertice.Vertice@15ca7889
32 model.Tablero.Vertice.Vertice@7a675056
33 model.Tablero.Vertice.Vertice@d21a74c
34 model.Tablero.Vertice.Vertice@6e509ffa
35 model.Tablero.Vertice.Vertice@2898ac89
36 model.Tablero.Vertice.Vertice@683dbc2c
37 model.Tablero.Vertice.Vertice@68267da0
38 model.Tablero.Vertice.Vertice@2638011
39 model.Tablero.Vertice.Vertice@6ff29830
40 model.Tablero.Vertice.Vertice@6a2b953e
41 model.Tablero.Vertice.Vertice@313b2ea6
42 model.Tablero.Vertice.Vertice@2f465398
43 model.Tablero.Vertice.Vertice@548e6d58
44 model.Tablero.Vertice.Vertice@623a8092
45 model.Tablero.Vertice.Vertice@a1cdc6d
46 model.Tablero.Vertice.Vertice@175b9425
47 model.Tablero.Vertice.Vertice@3098cf3b
48 model.Tablero.Vertice.Vertice@610f7aa
49 model.Tablero.Vertice.Vertice@6a03bcb1
50 model.Tablero.Vertice.Vertice@21b2e768
51 model.Tablero.Vertice.Vertice@57250572
52 model.Tablero.Vertice.Vertice@5609159b
53 model.Tablero.Vertice.Vertice@2118cddf
0
1
2
3
4
5
6
7
8
9
10
11
12
13
14
15
16
17
Madera tiene: 1
]]></system-out>
  </testcase>
</testsuite>