<?xml version="1.0" encoding="UTF-8"?>
<testsuite xmlns:xsi="http://www.w3.org/2001/XMLSchema-instance" xsi:noNamespaceSchemaLocation="https://maven.apache.org/surefire/maven-surefire-plugin/xsd/surefire-test-report-3.0.xsd" version="3.0" name="Ladron.LadronTest" time="0.451" tests="3" errors="0" skipped="0" failures="0">
  <properties>
[...]
</properties>
  <testcase name="test03HexagonoRobado" classname="Ladron.LadronTest" time="0.001">
    <system-out><![CDATA[Mezclados 18
0
1
2
3
4
5
6
7
8
9
10
11
12
13
14
15
16
17
java.Mazo desarrollo generado 25
Madera tiene: 1
Madera tiene: 1
]]></system-out>
  </testcase>
  <testcase name="test01LadronSeMueve" classname="Ladron.LadronTest" time="0.443">
    <system-out><![CDATA[Mezclados 18
0 model.Tablero.Vertice.Vertice@5b69d40d
1 model.Tablero.Vertice.Vertice@71154f21
2 model.Tablero.Vertice.Vertice@15f193b8
3 model.Tablero.Vertice.Vertice@2516fc68
4 model.Tablero.Vertice.Vertice@304a9d7b
5 model.Tablero.Vertice.Vertice@6bfdb014
6 model.Tablero.Vertice.Vertice@72889280
7 model.Tablero.Vertice.Vertice@606fc505
8 model.Tablero.Vertice.Vertice@4aa3d36
9 model.Tablero.Vertice.Vertice@2d140a7
10 model.Tablero.Vertice.Vertice@347bdeef
11 model.Tablero.Vertice.Vertice@2aa27288
12 model.Tablero.Vertice.Vertice@7f34a967
13 model.Tablero.Vertice.Vertice@77e80a5e
14 model.Tablero.Vertice.Vertice@1d8e2eea
15 model.Tablero.Vertice.Vertice@240139e1
16 model.Tablero.Vertice.Vertice@7ea4d397
17 model.Tablero.Vertice.Vertice@49298ce7
18 model.Tablero.Vertice.Vertice@253c1256
19 model.Tablero.Vertice.Vertice@8dfe921
20 model.Tablero.Vertice.Vertice@503fbbc6
21 model.Tablero.Vertice.Vertice@55f45b92
22 model.Tablero.Vertice.Vertice@109f5dd8
23 model.Tablero.Vertice.Vertice@67fe380b
24 model.Tablero.Vertice.Vertice@4a325eb9
25 model.Tablero.Vertice.Vertice@3dedb4a6
26 model.Tablero.Vertice.Vertice@57f64f5e
27 model.Tablero.Vertice.Vertice@415e0bcb
28 model.Tablero.Vertice.Vertice@194152cf
29 model.Tablero.Vertice.Vertice@49d98dc5
30 model.Tablero.Vertice.Vertice@2c30b71f
31 model.Tablero.Vertice.Vertice@1d81e101
32 model.Tablero.Vertice.Vertice@ec50f54
33 model.Tablero.Vertice.Vertice@bf71cec
34 model.Tablero.Vertice.Vertice@22d6cac2
35 model.Tablero.Vertice.Vertice@30cdae70
36 model.Tablero.Vertice.Vertice@1654a892
37 model.Tablero.Vertice.Vertice@2577d6c8
38 model.Tablero.Vertice.Vertice@3163987e
39 model.Tablero.Vertice.Vertice@6c000e0c
40 model.Tablero.Vertice.Vertice@5f233b26
41 model.Tablero.Vertice.Vertice@44f9779c
42 model.Tablero.Vertice.Vertice@6974a715
43 model.Tablero.Vertice.Vertice@5e8a459
44 model.Tablero.Vertice.Vertice@43d455c9
45 model.Tablero.Vertice.Vertice@4c9e9fb8
46 model.Tablero.Vertice.Vertice@9ec531
47 model.Tablero.Vertice.Vertice@40147317
48 model.Tablero.Vertice.Vertice@210f0cc1
49 model.Tablero.Vertice.Vertice@19542407
50 model.Tablero.Vertice.Vertice@6f95cd51
51 model.Tablero.Vertice.Vertice@c7a977f
52 model.Tablero.Vertice.Vertice@55caeb35
53 model.Tablero.Vertice.Vertice@6d868997
0
1
2
3
4
5
6
7
8
9
10
11
12
13
14
15
16
17
Bajo Asalto
]]></system-out>
    <system-err><![CDATA[Mockito is currently self-attaching to enable the inline-mock-maker. This will no longer work in future releases of the JDK. Please add Mockito as an agent to your build as described in Mockito's documentation: https://javadoc.io/doc/org.mockito/mockito-core/latest/org.mockito/org/mockito/Mockito.html#0.3
WARNING: A Java agent has been loaded dynamically (/home/joaquin-saladino/.m2/repository/net/bytebuddy/byte-buddy-agent/1.17.7/byte-buddy-agent-1.17.7.jar)
WARNING: If a serviceability tool is in use, please run with -XX:+EnableDynamicAgentLoading to hide this warning
WARNING: If a serviceability tool is not in use, please run with -Djdk.instrument.traceUsage for more information
WARNING: Dynamic loading of agents will be disallowed by default in a future release
]]></system-err>
  </testcase>
  <testcase name="test02MoverLadronVariasVeces" classname="Ladron.LadronTest" time="0.003">
    <system-out><![CDATA[Mezclados 18
0 model.Tablero.Vertice.Vertice@375b5b7f
1 model.Tablero.Vertice.Vertice@1813f3e9
2 model.Tablero.Vertice.Vertice@28cb9120
3 model.Tablero.Vertice.Vertice@3b152928
4 model.Tablero.Vertice.Vertice@56781d96
5 model.Tablero.Vertice.Vertice@5173200b
6 model.Tablero.Vertice.Vertice@25c5e994
7 model.Tablero.Vertice.Vertice@378bd86d
8 model.Tablero.Vertice.Vertice@2189e7a7
9 model.Tablero.Vertice.Vertice@69b2f8e5
10 model.Tablero.Vertice.Vertice@6331250e
11 model.Tablero.Vertice.Vertice@a10c1b5
12 model.Tablero.Vertice.Vertice@644abb8f
13 model.Tablero.Vertice.Vertice@1a411233
14 model.Tablero.Vertice.Vertice@70325d20
15 model.Tablero.Vertice.Vertice@7c2327fa
16 model.Tablero.Vertice.Vertice@4d847d32
17 model.Tablero.Vertice.Vertice@5f462e3b
18 model.Tablero.Vertice.Vertice@3d7fa3ae
19 model.Tablero.Vertice.Vertice@58065f0c
20 model.Tablero.Vertice.Vertice@3605c4d3
21 model.Tablero.Vertice.Vertice@585c13de
22 model.Tablero.Vertice.Vertice@187eb9a8
23 model.Tablero.Vertice.Vertice@726a6b94
24 model.Tablero.Vertice.Vertice@6ad11a56
25 model.Tablero.Vertice.Vertice@522b2631
26 model.Tablero.Vertice.Vertice@3ff57625
27 model.Tablero.Vertice.Vertice@1ee29c84
28 model.Tablero.Vertice.Vertice@7c8326a4
29 model.Tablero.Vertice.Vertice@77128dab
30 model.Tablero.Vertice.Vertice@63429932
31 model.Tablero.Vertice.Vertice@69ce2f62
32 model.Tablero.Vertice.Vertice@c9d82f9
33 model.Tablero.Vertice.Vertice@6f012914
34 model.Tablero.Vertice.Vertice@18fdb6cf
35 model.Tablero.Vertice.Vertice@d02f8d
36 model.Tablero.Vertice.Vertice@60baef24
37 model.Tablero.Vertice.Vertice@61533ae
38 model.Tablero.Vertice.Vertice@732bb66d
39 model.Tablero.Vertice.Vertice@720653c2
40 model.Tablero.Vertice.Vertice@45f24169
41 model.Tablero.Vertice.Vertice@6ad5923a
42 model.Tablero.Vertice.Vertice@4463d9d3
43 model.Tablero.Vertice.Vertice@43b0ade
44 model.Tablero.Vertice.Vertice@5395ea39
45 model.Tablero.Vertice.Vertice@1517f633
46 model.Tablero.Vertice.Vertice@4fe01803
47 model.Tablero.Vertice.Vertice@13d186db
48 model.Tablero.Vertice.Vertice@6f6962ba
49 model.Tablero.Vertice.Vertice@4565a70a
50 model.Tablero.Vertice.Vertice@a0a9fa5
51 model.Tablero.Vertice.Vertice@15723761
52 model.Tablero.Vertice.Vertice@312afbc7
53 model.Tablero.Vertice.Vertice@599f571f
0
1
2
3
4
5
6
7
8
9
10
11
12
13
14
15
16
17
Bajo Asalto
]]></system-out>
  </testcase>
</testsuite>